Syncing Pythonanywhere data to local machine
Local Machine = ubuntu1700
Backup mysql dump is: felbackup1562990401.sql
<<<<<<:>~ PythonAnywhere SSH. Help @ https://help.pythonanywhere.com/pages/SSHAccess
mysql dump has been created at python anywhere home directory
<<<<<<:>~ PythonAnywhere SSH. Help @ https://help.pythonanywhere.com/pages/SSHAccess
mysql dump felbackup1562990401.sql has been downloaded to /home/mark/databases
mysql: [Warning] Using a password on the command line interface can be insecure.
local database has been restored to felbackup1562990401.sql
Now sync the data files that are excluded from github from pythonanywhere to local machine
<<<<<<:>~ PythonAnywhere SSH. Help @ https://help.pythonanywhere.com/pages/SSHAccess
receiving incremental file list
data/vbills/
data/vbills/Chesapeake Employers Insurance_July.pdf
data/vbills/Chesapeake Employers Insurance_July.txt
data/vbills/DCLI_July.pdf
data/vbills/DCLI_July.txt
data/vbills/Givens Transportation_July.pdf
data/vbills/Givens Transportation_July.txt
data/vbills/VISA_July.pdf
data/vbills/VISA_July.txt
data/vbills/Waynes Tire Repair & Fleet Service_July.pdf
data/vbills/Waynes Tire Repair & Fleet Service_July.txt
data/vbookings/
data/vbookings/583134403.pdf
data/vbookings/583134403.txt
data/vchecks/
data/vchecks/Ck984_R_.pdf
data/vchecks/Ck984_R_2242.pdf
data/vchecks/Ck984_R_2242c7.pdf
data/vchecks/Ck984_R_c2.pdf
data/vchecks/Ck984_R_c3.pdf
data/vchecks/Ck984_R_c4.pdf
data/vchecks/Ck984_R_c5.pdf
data/vchecks/Ck984_R_c6.pdf
data/vchecks/Ck992_R_2243.pdf
data/vchecks/Ck992_R_2243c2.pdf
data/vchecks/Ck992_R_2243c3.pdf
data/vchecks/Ck992_R_2243c4.pdf
data/vchecks/Ck992_R_2243c5.pdf
data/vchecks/Ck997_R_.pdf
data/vchecks/Ck997_R_2244.pdf
data/vchecks/Ck997_R_2244c3.pdf
data/vchecks/Ck997_R_2245.pdf
data/vchecks/Ck997_R_2245c4.pdf
data/vchecks/Ck997_R_c2.pdf
data/vchecks/Ck998_R_.pdf
data/vchecks/Ck998_R_c2.pdf
data/vchecks/Ck999_R_.pdf
data/vchecks/Ck999_R_2246.pdf
data/vchecks/Ck999_R_2246c3.pdf
data/vchecks/Ck999_R_c2.pdf
data/vdispatch/
data/vdispatch/DISP_sayad.pdf
data/vinterchange/
data/vinterchange/ACLU9648436_LOAD_IN.pdf
data/vinterchange/ACLU9651830_LOAD_IN.pdf
data/vinterchange/ACLU9677753_LOAD_OUT.pdf
data/vinterchange/ACLU9680227_EMPTY_OUT.pdf
data/vinterchange/ACLU9688038_EMPTY_OUT.pdf
data/vinterchange/ACLU9704150_EMPTY_IN.pdf
data/vinterchange/ACLU9704150_LOAD_OUT.pdf
data/vinterchange/ACLU9714800_EMPTY_IN.pdf
data/vinterchange/ACLU9714800_LOAD_OUT.pdf
data/vinterchange/ACLU9720079_EMPTY_OUT.pdf
data/vinterchange/CAIU9350547_LOAD_IN.pdf
data/vinterchange/CAIU9647725_EMPTY_IN.pdf
data/vinterchange/CAIU9647725_LOAD_OUT.pdf
data/vinterchange/CZZU3565830_EMPTY_IN.pdf
data/vinterchange/CZZU3565830_LOAD_OUT.pdf
data/vinterchange/GCNU4712428_EMPTY_IN.pdf
data/vinterchange/GCNU4712428_LOAD_OUT.pdf
data/vinterchange/GCNU4742422_LOAD_IN.pdf
data/vinterchange/HASU4579704_EMPTY_OUT.pdf
data/vinterchange/HASU4579704_LOAD_IN.pdf
data/vinterchange/HASU4669881_EMPTY_OUT.pdf
data/vinterchange/MAEU9205328_EMPTY_OUT.pdf
data/vinterchange/MEDU1633412_EMPTY_IN.pdf
data/vinterchange/MEDU1633412_LOAD_OUT.pdf
data/vinterchange/MRKU5749485_EMPTY_OUT.pdf
data/vinterchange/MRKU6181390_EMPTY_OUT.pdf
data/vinterchange/MRKU6439334_EMPTY_OUT.pdf
data/vinterchange/MRKU6439334_LOAD_IN.pdf
data/vinterchange/MRKU8123962_EMPTY_OUT.pdf
data/vinterchange/MRKU8123962_LOAD_IN.pdf
data/vinterchange/MSCU2172767_EMPTY_IN.pdf
data/vinterchange/MSCU2172767_LOAD_OUT.pdf
data/vinterchange/MSKU4356696_LOAD_IN.pdf
data/vinterchange/MSKU4530621_EMPTY_OUT.pdf
data/vinterchange/MSKU4530621_LOAD_IN.pdf
data/vinterchange/MSKU4716703_EMPTY_OUT.pdf
data/vinterchange/MSKU4716703_LOAD_IN.pdf
data/vinterchange/MSKU4718584_EMPTY_OUT.pdf
data/vinterchange/MSKU4718584_LOAD_IN.pdf
data/vinterchange/MSKU8190113_EMPTY_OUT.pdf
data/vinterchange/PONU7639468_EMPTY_OUT.pdf
data/vinterchange/SEGU4655622_EMPTY_OUT.pdf
data/vinterchange/SEGU4655622_LOAD_IN.pdf
data/vinterchange/TCLU2862466_EMPTY_OUT.pdf
data/vinterchange/TCLU2862466_LOAD_IN.pdf
data/vinterchange/TEMU2460865_EMPTY_IN.pdf
data/vinterchange/TEMU2460865_LOAD_OUT.pdf
data/vinterchange/TEMU5460030_EMPTY_IN.pdf
data/vinterchange/TGHU1723613_LOAD_OUT.pdf
data/vinterchange/TRHU1828030_EMPTY_IN.pdf
data/vinterchange/TRHU1828030_LOAD_OUT.pdf
data/vinvoice/
data/vinvoice/INVFO529917.pdf
data/vinvoice/INVFO529917c13.pdf
data/vinvoice/INVFO625901.pdf
data/vinvoice/INVFO625901c28.pdf
data/vinvoice/INVFO709935.pdf
data/vinvoice/INVFO709935c10.pdf
data/vinvoice/INVFT301981.pdf
data/vinvoice/INVFT301981c7.pdf
data/vinvoice/INVFT301981c8.pdf
data/vinvoice/INVFT422979.pdf
data/vinvoice/INVFT422979c12.pdf
data/vinvoice/INVFT422979c13.pdf
data/vinvoice/INVFT422979c14.pdf
data/vinvoice/INVFT506927.pdf
data/vinvoice/INVFT506927c10.pdf
data/vinvoice/INVFT506927c11.pdf
data/vinvoice/INVFT506927c12.pdf
data/vinvoice/INVFT506927c13.pdf
data/vinvoice/INVFT506927c14.pdf
data/vinvoice/INVFT506927c15.pdf
data/vinvoice/INVFT506927c16.pdf
data/vinvoice/INVFT506927c17.pdf
data/vinvoice/INVFT506927c18.pdf
data/vinvoice/INVFT506927c4.pdf
data/vinvoice/INVFT506927c5.pdf
data/vinvoice/INVFT506927c6.pdf
data/vinvoice/INVFT506927c7.pdf
data/vinvoice/INVFT506927c8.pdf
data/vinvoice/INVFT506927c9.pdf
data/vinvoice/INVFT513949.pdf
data/vinvoice/INVFT513949c5.pdf
data/vinvoice/INVFT513949c6.pdf
data/vinvoice/INVFT516967.pdf
data/vinvoice/INVFT516967c5.pdf
data/vinvoice/INVFT516967c6.pdf
data/vinvoice/INVFT520977.pdf
data/vinvoice/INVFT520977c5.pdf
data/vinvoice/INVFT520977c6.pdf
data/vinvoice/INVFT520986.pdf
data/vinvoice/INVFT520986c5.pdf
data/vinvoice/INVFT520986c6.pdf
data/vinvoice/INVFT520987.pdf
data/vinvoice/INVFT520987c5.pdf
data/vinvoice/INVFT520987c6.pdf
data/vinvoice/INVFT520988.pdf
data/vinvoice/INVFT520988c5.pdf
data/vinvoice/INVFT520988c6.pdf
data/vinvoice/INVFT520989.pdf
data/vinvoice/INVFT520989c5.pdf
data/vinvoice/INVFT520989c6.pdf
data/vinvoice/INVFT521991.pdf
data/vinvoice/INVFT521991c5.pdf
data/vinvoice/INVFT521991c6.pdf
data/vinvoice/INVFT521993.pdf
data/vinvoice/INVFT521993c3.pdf
data/vinvoice/INVFT521993c4.pdf
data/vinvoice/INVFT521993c5.pdf
data/vinvoice/INVFT521993c6.pdf
data/vinvoice/INVFT523901.pdf
data/vinvoice/INVFT523901c7.pdf
data/vinvoice/INVFT523901c8.pdf
data/vinvoice/INVFT523901c9.pdf
data/vinvoice/INVFT523995.pdf
data/vinvoice/INVFT523995c4.pdf
data/vinvoice/INVFT523995c5.pdf
data/vinvoice/INVFT523996.pdf
data/vinvoice/INVFT523996c4.pdf
data/vinvoice/INVFT523996c5.pdf
data/vinvoice/INVFT523997.pdf
data/vinvoice/INVFT523997c4.pdf
data/vinvoice/INVFT523997c5.pdf
data/vinvoice/INVFT524905.pdf
data/vinvoice/INVFT524905c4.pdf
data/vinvoice/INVFT524905c5.pdf
data/vinvoice/INVFT524905c6.pdf
data/vinvoice/INVFT524906.pdf
data/vinvoice/INVFT524906c3.pdf
data/vinvoice/INVFT524906c4.pdf
data/vinvoice/INVFT524906c5.pdf
data/vinvoice/INVFT524908.pdf
data/vinvoice/INVFT524908c3.pdf
data/vinvoice/INVFT524908c4.pdf
data/vinvoice/INVFT524908c5.pdf
data/vinvoice/INVFT524908c6.pdf
data/vinvoice/INVFT527910.pdf
data/vinvoice/INVFT527910c2.pdf
data/vinvoice/INVFT527910c3.pdf
data/vinvoice/INVFT527911.pdf
data/vinvoice/INVFT527911c2.pdf
data/vinvoice/INVFT527911c3.pdf
data/vinvoice/INVFT527999.pdf
data/vinvoice/INVFT527999c12.pdf
data/vinvoice/INVFT527999c13.pdf
data/vinvoice/INVFT529918.pdf
data/vinvoice/INVFT529918c2.pdf
data/vinvoice/INVFT529918c3.pdf
data/vinvoice/INVFT529919.pdf
data/vinvoice/INVFT529919c2.pdf
data/vinvoice/INVFT529919c3.pdf
data/vinvoice/INVFT529919c4.pdf
data/vinvoice/INVFT529919c5.pdf
data/vinvoice/INVFT529919c6.pdf
data/vinvoice/INVFT530921.pdf
data/vinvoice/INVFT530921c2.pdf
data/vinvoice/INVFT530921c3.pdf
data/vinvoice/INVFT530922.pdf
data/vinvoice/INVFT530922c2.pdf
data/vinvoice/INVFT530922c3.pdf
data/vinvoice/INVFT530922c4.pdf
data/vinvoice/INVFT530922c5.pdf
data/vinvoice/INVFT530923.pdf
data/vinvoice/INVFT530923c2.pdf
data/vinvoice/INVFT530923c3.pdf
data/vinvoice/INVFT531928.pdf
data/vinvoice/INVFT531928c3.pdf
data/vinvoice/INVFT531928c4.pdf
data/vinvoice/INVFT531928c5.pdf
data/vinvoice/INVFT531929.pdf
data/vinvoice/INVFT531929c3.pdf
data/vinvoice/INVFT531929c4.pdf
data/vinvoice/INVFT531929c5.pdf
data/vinvoice/INVFT602930.pdf
data/vinvoice/INVFT602930c2.pdf
data/vinvoice/INVFT602930c3.pdf
data/vinvoice/INVFT602931.pdf
data/vinvoice/INVFT602931c2.pdf
data/vinvoice/INVFT602931c3.pdf
data/vinvoice/INVFT602931c4.pdf
data/vinvoice/INVFT602931c5.pdf
data/vinvoice/INVFT602931c6.pdf
data/vinvoice/INVFT602931c7.pdf
data/vinvoice/INVFT604934.pdf
data/vinvoice/INVFT604934c8.pdf
data/vinvoice/INVFT604934c9.pdf
data/vinvoice/INVFT605937.pdf
data/vinvoice/INVFT605937c2.pdf
data/vinvoice/INVFT605937c3.pdf
data/vinvoice/INVFT605937c4.pdf
data/vinvoice/INVFT605937c5.pdf
data/vinvoice/INVFT605938.pdf
data/vinvoice/INVFT605938c2.pdf
data/vinvoice/INVFT605938c3.pdf
data/vinvoice/INVFT606945.pdf
data/vinvoice/INVFT606945c2.pdf
data/vinvoice/INVFT606945c3.pdf
data/vinvoice/INVFT614966.pdf
data/vinvoice/INVFT614966c4.pdf
data/vinvoice/INVFT614966c5.pdf
data/vinvoice/INVFT618980.pdf
data/vinvoice/INVFT618980c1.pdf
data/vinvoice/INVFT618981.pdf
data/vinvoice/INVFT618981c1.pdf
data/vinvoice/INVFT620983.pdf
data/vinvoice/INVFT620983c1.pdf
data/vinvoice/INVFT620984.pdf
data/vinvoice/INVFT620984c1.pdf
data/vinvoice/INVFT620985.pdf
data/vinvoice/INVFT620985c1.pdf
data/vinvoice/INVFT624993.pdf
data/vinvoice/INVFT624993c1.pdf
data/vinvoice/INVFT624994.pdf
data/vinvoice/INVFT624994c1.pdf
data/vinvoice/INVFT624995.pdf
data/vinvoice/INVFT624995c5.pdf
data/vinvoice/INVFT625900.pdf
data/vinvoice/INVFT625900c2.pdf
data/vinvoice/INVFT625900c3.pdf
data/vinvoice/INVFT625902.pdf
data/vinvoice/INVFT625902c1.pdf
data/vinvoice/INVFT625902c2.pdf
data/vinvoice/INVFT625996.pdf
data/vinvoice/INVFT625996c1.pdf
data/vinvoice/INVFT625996c2.pdf
data/vinvoice/INVFT625996c3.pdf
data/vinvoice/INVFT625997.pdf
data/vinvoice/INVFT625997c1.pdf
data/vinvoice/INVFT625999.pdf
data/vinvoice/INVFT625999c2.pdf
data/vinvoice/INVFT626907.pdf
data/vinvoice/INVFT626907c4.pdf
data/vinvoice/INVFT626907c5.pdf
data/vinvoice/INVFT626908.pdf
data/vinvoice/INVFT626908c1.pdf
data/vinvoice/INVFT627991.pdf
data/vinvoice/INVFT627991c2.pdf
data/vinvoice/INVFT627991c3.pdf
data/vinvoice/INVFT627991c4.pdf
data/vinvoice/INVFT628913.pdf
data/vinvoice/INVFT628913c3.pdf
data/vinvoice/INVFT628913c4.pdf
data/vinvoice/INVFT628913c5.pdf
data/vinvoice/INVFT628913c6.pdf
data/vinvoice/INVFT708918.pdf
data/vinvoice/INVFT708918c1.pdf
data/vinvoice/INVFT708918c2.pdf
data/vinvoice/INVFT708918c3.pdf
data/vinvoice/INVFT708918c4.pdf
data/vinvoice/INVFT708919.pdf
data/vinvoice/INVFT708919c1.pdf
data/vinvoice/INVFT708919c2.pdf
data/vinvoice/INVFT708920.pdf
data/vinvoice/INVFT708920c1.pdf
data/vinvoice/INVFT708920c2.pdf
data/vinvoice/INVFT708920c3.pdf
data/vinvoice/INVFT708920c4.pdf
data/vinvoice/INVFT708921.pdf
data/vinvoice/INVFT708921c1.pdf
data/vinvoice/INVFT708921c2.pdf
data/vinvoice/INVFT708922.pdf
data/vinvoice/INVFT708922c1.pdf
data/vinvoice/INVFT708922c2.pdf
data/vinvoice/INVFT708923.pdf
data/vinvoice/INVFT708923c1.pdf
data/vinvoice/INVFT708923c2.pdf
data/vinvoice/INVFT708923c3.pdf
data/vinvoice/INVFT708923c4.pdf
data/vinvoice/INVFT708928.pdf
data/vinvoice/INVFT708928c10.pdf
data/vinvoice/INVFT708928c3.pdf
data/vinvoice/INVFT708928c4.pdf
data/vinvoice/INVFT708928c5.pdf
data/vinvoice/INVFT708928c6.pdf
data/vinvoice/INVFT708928c7.pdf
data/vinvoice/INVFT708928c8.pdf
data/vinvoice/INVFT708928c9.pdf
data/vinvoice/INVFT708930.pdf
data/vinvoice/INVFT708930c10.pdf
data/vinvoice/INVFT708930c5.pdf
data/vinvoice/INVFT708930c6.pdf
data/vinvoice/INVFT708930c7.pdf
data/vinvoice/INVFT708930c8.pdf
data/vinvoice/INVFT708930c9.pdf
data/vinvoice/INVFT708931.pdf
data/vinvoice/INVFT708931c4.pdf
data/vinvoice/INVFT708931c5.pdf
data/vinvoice/INVFT708931c6.pdf
data/vinvoice/INVFT708931c7.pdf
data/vinvoice/INVFT708931c8.pdf
data/vinvoice/INVFT708931c9.pdf
data/vinvoice/INVFT708932.pdf
data/vinvoice/INVFT708932c2.pdf
data/vinvoice/INVFT708932c3.pdf
data/vinvoice/INVFT708932c4.pdf
data/vinvoice/INVFT708932c5.pdf
data/vinvoice/INVFT708932c6.pdf
data/vinvoice/INVFT708932c7.pdf
data/vinvoice/INVFT710938.pdf
data/vinvoice/INVFT710938c1.pdf
data/vinvoice/INVFT710938c2.pdf
data/vinvoice/INVFT710938c3.pdf
data/vinvoice/INVFT710938c4.pdf
data/vinvoice/INVFT710939.pdf
data/vinvoice/INVFT710939c1.pdf
data/vinvoice/INVFT710939c2.pdf
data/vinvoice/INVFT710939c3.pdf
data/vinvoice/INVFT710940.pdf
data/vinvoice/INVFT710940c1.pdf
data/vinvoice/INVFT710940c2.pdf
data/vinvoice/INVFT710940c3.pdf
data/vinvoice/INVFT710940c4.pdf
data/vinvoice/INVFT710940c5.pdf
data/vinvoice/INVFT710940c6.pdf
data/vinvoice/INVFT710940c7.pdf
data/vinvoice/INVFT710940c8.pdf
data/vinvoice/INVFT710940c9.pdf
data/vinvoice/P_c1_2192944-1 .pdf
data/vinvoice/P_c1_G18980.pdf
data/vinvoice/P_c3_2192944-1 .pdf
data/vinvoice/P_c7_2192944-1 .pdf
data/vinvoice/P_c_2192944-1 .pdf
data/vinvoice/P_test.pdf
data/vmanifest/
data/vmanifest/ManifestFT621992.pdf
data/vmanifest/ManifestFT621992c7.pdf
data/vmanifest/ManifestFT621992c8.pdf
data/vmanifest/ManifestFT621992c9.pdf
data/vmanifest/ManifestFT708925.pdf
data/vmanifest/ManifestFT708925c1.pdf
data/vmanifest/ManifestFT708928.pdf
data/vmanifest/ManifestFT708928c1.pdf
data/vmanifest/ManifestFT708928c2.pdf
data/vmanifest/ManifestFT708930.pdf
data/vmanifest/ManifestFT708930c1.pdf
data/vmanifest/ManifestFT708930c2.pdf
data/vmanifest/ManifestFT708930c3.pdf
data/vmanifest/ManifestFT708930c4.pdf
data/vmanifest/ManifestFT708931.pdf
data/vmanifest/ManifestFT708931c1.pdf
data/vmanifest/ManifestFT708931c2.pdf
data/vmanifest/ManifestFT708931c3.pdf
data/vmanifest/ManifestFT708932.pdf
data/vmanifest/ManifestFT708932c1.pdf
data/vmanifest/ManifestFT709936.pdf
data/vmanifest/ManifestFT709936c1.pdf
data/vorders/
data/vorders/3154902.pdf
data/vorders/3154902.txt
data/vorders/P_c_doc04387120190710142929.pdf
data/vorders/P_c_order_1599366_sig.pdf
data/vorders/P_c_temp.pdf
data/vorders/S00038236.pdf
data/vorders/S00038236.txt
data/vorders/S000382373.pdf
data/vorders/S000382373.txt
data/vorders/S00038238.pdf
data/vorders/S00038238.txt
data/vorders/S00038239.pdf
data/vorders/S00038239.txt
data/vorders/S00038240.pdf
data/vorders/S00038240.txt
data/vorders/S00038319.pdf
data/vorders/S00038319.txt
data/vorders/S00038320.pdf
data/vorders/S00038320.txt
data/vorders/S00038321.pdf
data/vorders/S00038321.txt
data/vorders/doc04386720190710124421.pdf
data/vorders/doc04386720190710124421.txt
data/vorders/doc04387120190710142929.pdf
data/vorders/doc04387120190710142929.txt
data/vorders/e6d5ac3a26164328a98af81020ff8ac8.jpg
data/vorders/e6d5ac3a26164328a98af81020ff8ac8.txt
data/vorders/fairfax_582917997p2.pdf
data/vorders/fairfax_582917997p2.txt
data/vorders/order_confirmation_1599365.pdf
data/vorders/order_confirmation_1599365.txt
data/vorders/roundhill.pdf
data/vorders/roundhill.txt
data/vproofs/
data/vproofs/doc04355920190621152958.pdf
data/vproofs/doc04355920190621152958.txt
data/vproofs/doc04366120190628084328.pdf
data/vproofs/doc04366120190628084328.txt
data/vproofs/doc04385720190710074730.pdf
data/vproofs/doc04385720190710074730.txt
data/vproofs/doc04386220190710113225.pdf
data/vproofs/doc04386220190710113225.txt
data/vproofs/doc04387220190710143035.pdf
data/vproofs/doc04387220190710143035.txt
data/vreport/
data/vreport/background.pdf
data/vreport/contents.pdf
data/vreport/headers.pdf
data/vreport/pagestart.pdf
data/vreport/report226.pdf
data/vreport/temp0.pdf
data/vreport/temp1.pdf

sent 17.85K bytes  received 19.91M bytes  3.62M bytes/sec
total size is 1.12G  speedup is 56.05
<<<<<<:>~ PythonAnywhere SSH. Help @ https://help.pythonanywhere.com/pages/SSHAccess
receiving incremental file list
processing/bills/
processing/bills/AccountStatementsSelected24WAS01.pdf
processing/bills/AccountStatementsSelected24WAS01.txt
processing/bills/MLDETINV5255367099BL582934989.pdf
processing/bills/MLDETINV5255367099BL582934989.txt
processing/bills/doc04386420190710113321.pdf
processing/bills/doc04386420190710113321.txt
processing/bills/doc04389920190712123828.pdf
processing/bills/doc04389920190712123828.txt
processing/bills/doc04390020190712123846.pdf
processing/bills/doc04390020190712123846.txt
processing/bills/doc04390120190712123910.pdf
processing/bills/doc04390120190712123910.txt
processing/pods/
processing/pods/doc04386320190710113243.pdf
processing/pods/doc04386320190710113243.txt
processing/tjobs/
processing/tjobs/582917997p2.pdf
processing/tjobs/582917997p2.txt

sent 752 bytes  received 3.29M bytes  939.97K bytes/sec
total size is 9.17M  speedup is 2.79
All necessary files have been synced
